
/home/runner/work/exp-elgamal-public-key-cryptosystem-au/exp-elgamal-public-key-cryptosystem-au/experiment/simulation/static/js/787.4cd775d3.chunk.js
  1:610   warning  Empty block statement  no-empty
  1:4344  warning  Empty block statement  no-empty

/home/runner/work/exp-elgamal-public-key-cryptosystem-au/exp-elgamal-public-key-cryptosystem-au/experiment/simulation/static/js/main.72189028.js
  2:659     warning  Unexpected combined character in character class                           no-misleading-character-class
  2:2548    warning  Unnecessary escape character: \-                                           no-useless-escape
  2:2630    warning  Do not access Object.prototype method 'hasOwnProperty' from target object  no-prototype-builtins
  2:7168    warning  Expected a conditional expression and instead saw an assignment            no-cond-assign
  2:8158    warning  Empty block statement                                                      no-empty
  2:9363    warning  Do not access Object.prototype method 'hasOwnProperty' from target object  no-prototype-builtins
  2:10823   warning  Do not access Object.prototype method 'hasOwnProperty' from target object  no-prototype-builtins
  2:10864   warning  Do not access Object.prototype method 'hasOwnProperty' from target object  no-prototype-builtins
  2:11029   warning  Do not access Object.prototype method 'hasOwnProperty' from target object  no-prototype-builtins
  2:11056   warning  Do not access Object.prototype method 'hasOwnProperty' from target object  no-prototype-builtins
  2:11644   warning  Do not access Object.prototype method 'hasOwnProperty' from target object  no-prototype-builtins
  2:13278   warning  'MSApp' is not defined                                                     no-undef
  2:13321   warning  'n' is defined but never used                                              no-unused-vars
  2:13323   warning  'r' is defined but never used                                              no-unused-vars
  2:13326   warning  'MSApp' is not defined                                                     no-undef
  2:14291   warning  Do not access Object.prototype method 'hasOwnProperty' from target object  no-prototype-builtins
  2:14384   warning  Do not access Object.prototype method 'hasOwnProperty' from target object  no-prototype-builtins
  2:15591   warning  Expected a conditional expression and instead saw an assignment            no-cond-assign
  2:16613   warning  Expected to return a value in method 'get'                                 getter-return
  2:16750   warning  'r' is defined but never used                                              no-unused-vars
  2:16752   warning  'l' is defined but never used                                              no-unused-vars
  2:16754   warning  'a' is defined but never used                                              no-unused-vars
  2:16756   warning  'o' is defined but never used                                              no-unused-vars
  2:16758   warning  'i' is defined but never used                                              no-unused-vars
  2:16760   warning  'u' is defined but never used                                              no-unused-vars
  2:16933   warning  'e' is defined but never used                                              no-unused-vars
  2:16935   warning  't' is defined but never used                                              no-unused-vars
  2:16937   warning  'n' is defined but never used                                              no-unused-vars
  2:16939   warning  'r' is defined but never used                                              no-unused-vars
  2:16941   warning  'l' is defined but never used                                              no-unused-vars
  2:16943   warning  'a' is defined but never used                                              no-unused-vars
  2:16945   warning  'o' is defined but never used                                              no-unused-vars
  2:16947   warning  'i' is defined but never used                                              no-unused-vars
  2:16949   warning  'u' is defined but never used                                              no-unused-vars
  2:25828   warning  Do not access Object.prototype method 'hasOwnProperty' from target object  no-prototype-builtins
  2:26148   warning  Invalid typeof comparison value                                            valid-typeof
  2:26322   warning  Invalid typeof comparison value                                            valid-typeof
  2:33126   warning  Expected a conditional expression and instead saw an assignment            no-cond-assign
  2:34344   warning  Do not access Object.prototype method 'hasOwnProperty' from target object  no-prototype-builtins
  2:36844   warning  'e' is defined but never used                                              no-unused-vars
  2:36846   warning  't' is defined but never used                                              no-unused-vars
  2:36848   warning  'n' is defined but never used                                              no-unused-vars
  2:36850   warning  'r' is defined but never used                                              no-unused-vars
  2:36852   warning  'l' is defined but never used                                              no-unused-vars
  2:36854   warning  'o' is defined but never used                                              no-unused-vars
  2:36856   warning  'i' is defined but never used                                              no-unused-vars
  2:36858   warning  'u' is defined but never used                                              no-unused-vars
  2:36860   warning  's' is defined but never used                                              no-unused-vars
  2:38801   warning  Expected a 'break' statement before 'case'                                 no-fallthrough
  2:38988   warning  Expected a 'break' statement before 'case'                                 no-fallthrough
  2:40099   warning  Expected a conditional expression and instead saw an assignment            no-cond-assign
  2:40173   warning  Expected a conditional expression and instead saw an assignment            no-cond-assign
  2:41526   warning  Expected a 'break' statement before 'case'                                 no-fallthrough
  2:43498   warning  Unexpected control character(s) in regular expression: \x00                no-control-regex
  2:45104   warning  Expected a conditional expression and instead saw an assignment            no-cond-assign
  2:45204   warning  Expected a conditional expression and instead saw an assignment            no-cond-assign
  2:52603   warning  Expected a 'break' statement before 'case'                                 no-fallthrough
  2:54570   warning  Expected a conditional expression and instead saw an assignment            no-cond-assign
  2:56021   warning  Expected a conditional expression and instead saw an assignment            no-cond-assign
  2:61853   warning  Expected a conditional expression and instead saw an assignment            no-cond-assign
  2:68464   warning  Empty block statement                                                      no-empty
  2:75651   warning  Expected a conditional expression and instead saw an assignment            no-cond-assign
  2:76781   warning  Expected a conditional expression and instead saw an assignment            no-cond-assign
  2:79538   warning  Expected a conditional expression and instead saw an assignment            no-cond-assign
  2:85153   warning  Do not access Object.prototype method 'hasOwnProperty' from target object  no-prototype-builtins
  2:85433   warning  Do not access Object.prototype method 'hasOwnProperty' from target object  no-prototype-builtins
  2:85878   warning  Unnecessary escape character: \/                                           no-useless-escape
  2:86746   warning  Do not access Object.prototype method 'hasOwnProperty' from target object  no-prototype-builtins
  2:87054   warning  Do not access Object.prototype method 'hasOwnProperty' from target object  no-prototype-builtins
  2:92047   warning  Do not access Object.prototype method 'hasOwnProperty' from target object  no-prototype-builtins
  2:92068   warning  Do not access Object.prototype method 'hasOwnProperty' from target object  no-prototype-builtins
  2:92138   warning  Do not access Object.prototype method 'hasOwnProperty' from target object  no-prototype-builtins
  2:92318   warning  Do not access Object.prototype method 'hasOwnProperty' from target object  no-prototype-builtins
  2:92420   warning  Do not access Object.prototype method 'hasOwnProperty' from target object  no-prototype-builtins
  2:92500   warning  Do not access Object.prototype method 'hasOwnProperty' from target object  no-prototype-builtins
  2:92524   warning  Do not access Object.prototype method 'hasOwnProperty' from target object  no-prototype-builtins
  2:92576   warning  Do not access Object.prototype method 'hasOwnProperty' from target object  no-prototype-builtins
  2:92931   warning  Do not access Object.prototype method 'hasOwnProperty' from target object  no-prototype-builtins
  2:95338   warning  Empty block statement                                                      no-empty
  2:95373   warning  Expected a 'break' statement before 'case'                                 no-fallthrough
  2:99445   warning  Do not access Object.prototype method 'hasOwnProperty' from target object  no-prototype-builtins
  2:99972   warning  Expected a 'break' statement before 'case'                                 no-fallthrough
  2:112478  warning  Empty block statement                                                      no-empty
  2:114180  warning  Empty block statement                                                      no-empty
  2:124659  warning  Expected a conditional expression and instead saw an assignment            no-cond-assign
  2:126404  warning  'ze' is a function                                                         no-func-assign
  2:126410  warning  'Le' is a function                                                         no-func-assign
  2:127357  warning  '__REACT_DEVTOOLS_GLOBAL_HOOK__' is not defined                            no-undef
  2:127460  warning  Empty block statement                                                      no-empty
  2:129801  warning  '__REACT_DEVTOOLS_GLOBAL_HOOK__' is not defined                            no-undef
  2:129845  warning  '__REACT_DEVTOOLS_GLOBAL_HOOK__' is not defined                            no-undef
  2:129993  warning  'a' is assigned a value but never used                                     no-unused-vars
  2:130317  warning  Do not access Object.prototype method 'hasOwnProperty' from target object  no-prototype-builtins
  2:131943  warning  Do not access Object.prototype method 'hasOwnProperty' from target object  no-prototype-builtins
  2:134971  warning  Do not access Object.prototype method 'hasOwnProperty' from target object  no-prototype-builtins
  2:137897  warning  'setImmediate' is not defined                                              no-undef
  2:141660  warning  'e' is defined but never used                                              no-unused-vars
  2:141756  warning  'o' is defined but never used                                              no-unused-vars
  2:143504  warning  'i' is a function                                                          no-func-assign
  2:143981  warning  Empty block statement                                                      no-empty
  2:152153  warning  'B' is a function                                                          no-func-assign
  2:157543  warning  'e' is defined but never used                                              no-unused-vars
  2:157598  warning  'e' is defined but never used                                              no-unused-vars
  2:157653  warning  'e' is defined but never used                                              no-unused-vars
  2:157671  warning  'e' is defined but never used                                              no-unused-vars
  2:157815  warning  'e' is defined but never used                                              no-unused-vars
  2:159265  warning  'me' is a function                                                         no-func-assign
  2:161482  warning  Empty block statement                                                      no-empty
  2:166959  warning  'l' is assigned a value but never used                                     no-unused-vars

/home/runner/work/exp-elgamal-public-key-cryptosystem-au/exp-elgamal-public-key-cryptosystem-au/experiment/simulation/static/js/main.8dc7f75c.js
  2:659     warning  Unexpected combined character in character class                           no-misleading-character-class
  2:2548    warning  Unnecessary escape character: \-                                           no-useless-escape
  2:2630    warning  Do not access Object.prototype method 'hasOwnProperty' from target object  no-prototype-builtins
  2:7168    warning  Expected a conditional expression and instead saw an assignment            no-cond-assign
  2:8158    warning  Empty block statement                                                      no-empty
  2:9363    warning  Do not access Object.prototype method 'hasOwnProperty' from target object  no-prototype-builtins
  2:10823   warning  Do not access Object.prototype method 'hasOwnProperty' from target object  no-prototype-builtins
  2:10864   warning  Do not access Object.prototype method 'hasOwnProperty' from target object  no-prototype-builtins
  2:11029   warning  Do not access Object.prototype method 'hasOwnProperty' from target object  no-prototype-builtins
  2:11056   warning  Do not access Object.prototype method 'hasOwnProperty' from target object  no-prototype-builtins
  2:11644   warning  Do not access Object.prototype method 'hasOwnProperty' from target object  no-prototype-builtins
  2:13278   warning  'MSApp' is not defined                                                     no-undef
  2:13321   warning  'n' is defined but never used                                              no-unused-vars
  2:13323   warning  'r' is defined but never used                                              no-unused-vars
  2:13326   warning  'MSApp' is not defined                                                     no-undef
  2:14291   warning  Do not access Object.prototype method 'hasOwnProperty' from target object  no-prototype-builtins
  2:14384   warning  Do not access Object.prototype method 'hasOwnProperty' from target object  no-prototype-builtins
  2:15591   warning  Expected a conditional expression and instead saw an assignment            no-cond-assign
  2:16613   warning  Expected to return a value in method 'get'                                 getter-return
  2:16750   warning  'r' is defined but never used                                              no-unused-vars
  2:16752   warning  'a' is defined but never used                                              no-unused-vars
  2:16754   warning  'l' is defined but never used                                              no-unused-vars
  2:16756   warning  'o' is defined but never used                                              no-unused-vars
  2:16758   warning  'i' is defined but never used                                              no-unused-vars
  2:16760   warning  'u' is defined but never used                                              no-unused-vars
  2:16933   warning  'e' is defined but never used                                              no-unused-vars
  2:16935   warning  't' is defined but never used                                              no-unused-vars
  2:16937   warning  'n' is defined but never used                                              no-unused-vars
  2:16939   warning  'r' is defined but never used                                              no-unused-vars
  2:16941   warning  'a' is defined but never used                                              no-unused-vars
  2:16943   warning  'l' is defined but never used                                              no-unused-vars
  2:16945   warning  'o' is defined but never used                                              no-unused-vars
  2:16947   warning  'i' is defined but never used                                              no-unused-vars
  2:16949   warning  'u' is defined but never used                                              no-unused-vars
  2:25828   warning  Do not access Object.prototype method 'hasOwnProperty' from target object  no-prototype-builtins
  2:26148   warning  Invalid typeof comparison value                                            valid-typeof
  2:26322   warning  Invalid typeof comparison value                                            valid-typeof
  2:33126   warning  Expected a conditional expression and instead saw an assignment            no-cond-assign
  2:34344   warning  Do not access Object.prototype method 'hasOwnProperty' from target object  no-prototype-builtins
  2:36844   warning  'e' is defined but never used                                              no-unused-vars
  2:36846   warning  't' is defined but never used                                              no-unused-vars
  2:36848   warning  'n' is defined but never used                                              no-unused-vars
  2:36850   warning  'r' is defined but never used                                              no-unused-vars
  2:36852   warning  'a' is defined but never used                                              no-unused-vars
  2:36854   warning  'o' is defined but never used                                              no-unused-vars
  2:36856   warning  'i' is defined but never used                                              no-unused-vars
  2:36858   warning  'u' is defined but never used                                              no-unused-vars
  2:36860   warning  's' is defined but never used                                              no-unused-vars
  2:38801   warning  Expected a 'break' statement before 'case'                                 no-fallthrough
  2:38988   warning  Expected a 'break' statement before 'case'                                 no-fallthrough
  2:40099   warning  Expected a conditional expression and instead saw an assignment            no-cond-assign
  2:40173   warning  Expected a conditional expression and instead saw an assignment            no-cond-assign
  2:41526   warning  Expected a 'break' statement before 'case'                                 no-fallthrough
  2:43498   warning  Unexpected control character(s) in regular expression: \x00                no-control-regex
  2:45104   warning  Expected a conditional expression and instead saw an assignment            no-cond-assign
  2:45204   warning  Expected a conditional expression and instead saw an assignment            no-cond-assign
  2:52603   warning  Expected a 'break' statement before 'case'                                 no-fallthrough
  2:54570   warning  Expected a conditional expression and instead saw an assignment            no-cond-assign
  2:56021   warning  Expected a conditional expression and instead saw an assignment            no-cond-assign
  2:61853   warning  Expected a conditional expression and instead saw an assignment            no-cond-assign
  2:68464   warning  Empty block statement                                                      no-empty
  2:75651   warning  Expected a conditional expression and instead saw an assignment            no-cond-assign
  2:76781   warning  Expected a conditional expression and instead saw an assignment            no-cond-assign
  2:79538   warning  Expected a conditional expression and instead saw an assignment            no-cond-assign
  2:85153   warning  Do not access Object.prototype method 'hasOwnProperty' from target object  no-prototype-builtins
  2:85433   warning  Do not access Object.prototype method 'hasOwnProperty' from target object  no-prototype-builtins
  2:85878   warning  Unnecessary escape character: \/                                           no-useless-escape
  2:86746   warning  Do not access Object.prototype method 'hasOwnProperty' from target object  no-prototype-builtins
  2:87054   warning  Do not access Object.prototype method 'hasOwnProperty' from target object  no-prototype-builtins
  2:92047   warning  Do not access Object.prototype method 'hasOwnProperty' from target object  no-prototype-builtins
  2:92068   warning  Do not access Object.prototype method 'hasOwnProperty' from target object  no-prototype-builtins
  2:92138   warning  Do not access Object.prototype method 'hasOwnProperty' from target object  no-prototype-builtins
  2:92318   warning  Do not access Object.prototype method 'hasOwnProperty' from target object  no-prototype-builtins
  2:92420   warning  Do not access Object.prototype method 'hasOwnProperty' from target object  no-prototype-builtins
  2:92500   warning  Do not access Object.prototype method 'hasOwnProperty' from target object  no-prototype-builtins
  2:92524   warning  Do not access Object.prototype method 'hasOwnProperty' from target object  no-prototype-builtins
  2:92576   warning  Do not access Object.prototype method 'hasOwnProperty' from target object  no-prototype-builtins
  2:92931   warning  Do not access Object.prototype method 'hasOwnProperty' from target object  no-prototype-builtins
  2:95338   warning  Empty block statement                                                      no-empty
  2:95373   warning  Expected a 'break' statement before 'case'                                 no-fallthrough
  2:99445   warning  Do not access Object.prototype method 'hasOwnProperty' from target object  no-prototype-builtins
  2:99972   warning  Expected a 'break' statement before 'case'                                 no-fallthrough
  2:112478  warning  Empty block statement                                                      no-empty
  2:114180  warning  Empty block statement                                                      no-empty
  2:124659  warning  Expected a conditional expression and instead saw an assignment            no-cond-assign
  2:126404  warning  'ze' is a function                                                         no-func-assign
  2:126410  warning  'Le' is a function                                                         no-func-assign
  2:127357  warning  '__REACT_DEVTOOLS_GLOBAL_HOOK__' is not defined                            no-undef
  2:127460  warning  Empty block statement                                                      no-empty
  2:129801  warning  '__REACT_DEVTOOLS_GLOBAL_HOOK__' is not defined                            no-undef
  2:129845  warning  '__REACT_DEVTOOLS_GLOBAL_HOOK__' is not defined                            no-undef
  2:129993  warning  'l' is assigned a value but never used                                     no-unused-vars
  2:130317  warning  Do not access Object.prototype method 'hasOwnProperty' from target object  no-prototype-builtins
  2:131943  warning  Do not access Object.prototype method 'hasOwnProperty' from target object  no-prototype-builtins
  2:134971  warning  Do not access Object.prototype method 'hasOwnProperty' from target object  no-prototype-builtins
  2:137897  warning  'setImmediate' is not defined                                              no-undef
  2:141660  warning  'e' is defined but never used                                              no-unused-vars
  2:141756  warning  'o' is defined but never used                                              no-unused-vars
  2:143504  warning  'i' is a function                                                          no-func-assign
  2:143981  warning  Empty block statement                                                      no-empty
  2:152153  warning  'J' is a function                                                          no-func-assign
  2:157543  warning  'e' is defined but never used                                              no-unused-vars
  2:157598  warning  'e' is defined but never used                                              no-unused-vars
  2:157653  warning  'e' is defined but never used                                              no-unused-vars
  2:157671  warning  'e' is defined but never used                                              no-unused-vars
  2:157815  warning  'e' is defined but never used                                              no-unused-vars
  2:159265  warning  'me' is a function                                                         no-func-assign
  2:161482  warning  Empty block statement                                                      no-empty
  2:167637  warning  'a' is assigned a value but never used                                     no-unused-vars

✖ 220 problems (0 errors, 220 warnings)

